----------------
[*] Starting: 2020/09/24_10:41
----------------
[*] Starting: 2020/09/24_10:42
----------------
[*] Starting: 2020/09/24_10:43
[*] whitelist - ignored (scheduled)
    [*] got command - None	calling reload	Thu Sep 24 10:43:13 2020
----------------
[*] Starting: 2020/09/24_10:43
[*] whitelist - ignored (scheduled)
    [*] got command - None	calling reload	Thu Sep 24 10:43:39 2020
    [r] reloaded : Thu Sep 24 10:43:39 2020
[-] whitelist - error - 784239219
{'update_id': 586116014, 'message': {'message_id': 2, 'date': 1600933425, 'chat': {'id': 784239219, 'type': 'private', 'username': 'dor_harpaz', 'first_name': 'dor', 'last_name': 'harpaz'}, 'text': '/start', 'entities': [{'type': 'bot_command', 'offset': 0, 'length': 6}], 'caption_entities': [], 'photo': [], 'new_chat_members': [], 'new_chat_photo': [], 'delete_chat_photo': False, 'group_chat_created': False, 'supergroup_chat_created': False, 'channel_chat_created': False, 'from': {'id': 784239219, 'first_name': 'dor', 'is_bot': False, 'last_name': 'harpaz', 'username': 'dor_harpaz', 'language_code': 'en'}}}


----------------
[*] Starting: 2020/09/24_10:44
[*] whitelist - ignored (scheduled)
    [*] got command - None	calling reload	Thu Sep 24 10:44:06 2020
    [r] reloaded : Thu Sep 24 10:44:06 2020
[+] whitelist - success - 784239219
    [*] got command - /start	calling start	Thu Sep 24 10:44:08 2020
chat_id = 784239219
[+] whitelist - success - 784239219
    [*] got command - /today	calling today	Thu Sep 24 10:44:22 2020
----------------
[*] Starting: 2020/09/24_10:45
[*] whitelist - ignored (scheduled)
    [*] got command - None	calling reload	Thu Sep 24 10:45:20 2020
    [r] reloaded : Thu Sep 24 10:45:20 2020
[+] whitelist - success - 784239219
    [*] got command - /today	calling today	Thu Sep 24 10:45:22 2020
----------------
[*] Starting: 2020/09/24_10:45
[*] whitelist - ignored (scheduled)
    [*] got command - None	calling reload	Thu Sep 24 10:45:45 2020
    [r] reloaded : Thu Sep 24 10:45:45 2020
[+] whitelist - success - 784239219
    [*] got command - /today	calling today	Thu Sep 24 10:45:46 2020
----------------
[*] Starting: 2020/09/24_10:46
[*] whitelist - ignored (scheduled)
    [*] got command - None	calling reload	Thu Sep 24 10:46:12 2020
    [r] reloaded : Thu Sep 24 10:46:12 2020
[+] whitelist - success - 784239219
    [*] got command - /today	calling today	Thu Sep 24 10:46:14 2020
[+] whitelist - success - 784239219
    [*] got command - /week	calling week	Thu Sep 24 10:46:24 2020
[+] whitelist - success - 784239219
    [*] got command - /month	calling month	Thu Sep 24 10:46:40 2020
----------------
[*] Starting: 2020/09/24_10:48
[*] whitelist - ignored (scheduled)
    [*] got command - None	calling reload	Thu Sep 24 10:48:29 2020
    [r] reloaded : Thu Sep 24 10:48:29 2020
[+] whitelist - success - 784239219
    [*] got command - /month	calling month	Thu Sep 24 10:48:30 2020
[+] whitelist - success - 784239219
    [*] got command - /month 8	calling month	Thu Sep 24 10:49:12 2020
----------------
[*] Starting: 2020/09/24_10:52
[*] whitelist - ignored (scheduled)
    [*] got command - None	calling reload	Thu Sep 24 10:52:30 2020
    [r] reloaded : Thu Sep 24 10:52:30 2020
[+] whitelist - success - 784239219
    [*] got command - /month 8	calling month	Thu Sep 24 10:52:40 2020
----------------
[*] Starting: 2020/09/24_10:52
[*] whitelist - ignored (scheduled)
    [*] got command - None	calling reload	Thu Sep 24 10:52:57 2020
    [r] reloaded : Thu Sep 24 10:52:57 2020
[+] whitelist - success - 784239219
    [*] got command - /month	calling month	Thu Sep 24 10:53:00 2020
----------------
[*] Starting: 2020/09/24_10:55
[*] whitelist - ignored (scheduled)
    [*] got command - None	calling reload	Thu Sep 24 10:55:45 2020
    [r] reloaded : Thu Sep 24 10:55:45 2020
[+] whitelist - success - 784239219
    [*] got command - /year	calling year	Thu Sep 24 10:55:49 2020
----------------
[*] Starting: 2020/09/24_11:05
[*] whitelist - ignored (scheduled)
    [*] got command - None	calling reload	Thu Sep 24 11:05:27 2020
    [r] reloaded : Thu Sep 24 11:05:27 2020
[+] whitelist - success - 784239219
    [*] got command - /pie_week	calling pie_week	Thu Sep 24 11:05:41 2020
----------------
[*] Starting: 2020/09/24_11:06
[*] whitelist - ignored (scheduled)
    [*] got command - None	calling reload	Thu Sep 24 11:06:42 2020
    [r] reloaded : Thu Sep 24 11:06:42 2020
[+] whitelist - success - 784239219
    [*] got command - /pie_week	calling pie_week	Thu Sep 24 11:06:44 2020
[+] whitelist - success - 784239219
    [*] got command - /pie_month	calling pie_month	Thu Sep 24 11:06:57 2020
[+] whitelist - success - 784239219
    [*] got command - /pie_month 8	calling pie_month	Thu Sep 24 11:07:05 2020
----------------
[*] Starting: 2020/09/24_11:07
[*] whitelist - ignored (scheduled)
    [*] got command - None	calling reload	Thu Sep 24 11:07:51 2020
    [r] reloaded : Thu Sep 24 11:07:51 2020
[+] whitelist - success - 784239219
    [*] got command - /pie_month 8	calling pie_month	Thu Sep 24 11:07:56 2020
[+] whitelist - success - 784239219
    [*] got command - /pie_friends	calling pie_friends	Thu Sep 24 11:08:27 2020
[+] whitelist - success - 784239219
    [*] got command - /pie_shopping	calling pie_shopping	Thu Sep 24 11:08:43 2020
----------------
[*] Starting: 2020/09/24_11:08
[*] whitelist - ignored (scheduled)
    [*] got command - None	calling reload	Thu Sep 24 11:08:58 2020
    [r] reloaded : Thu Sep 24 11:08:58 2020
[+] whitelist - success - 784239219
    [*] got command - /pie_shopping	calling pie_shopping	Thu Sep 24 11:09:00 2020
[+] whitelist - success - 784239219
    [*] got command - /list_commands	calling list_commands	Thu Sep 24 11:09:51 2020
----------------
[*] Starting: 2020/09/24_11:14
[*] whitelist - ignored (scheduled)
    [*] got command - None	calling reload	Thu Sep 24 11:14:37 2020
    [r] reloaded : Thu Sep 24 11:14:37 2020
[+] whitelist - success - 784239219
    [*] got command - /month	calling month	Thu Sep 24 11:14:46 2020
